
*** Running vivado
    with args -log top_xlconcat_0_0.vds -m64 -product Vivado -mode batch -messageDb vivado.pb -notrace -source top_xlconcat_0_0.tcl


****** Vivado v2016.3 (64-bit)
  **** SW Build 1682563 on Mon Oct 10 19:07:27 MDT 2016
  **** IP Build 1681267 on Mon Oct 10 21:28:31 MDT 2016
    ** Copyright 1986-2016 Xilinx, Inc. All Rights Reserved.

source top_xlconcat_0_0.tcl -notrace
Starting Synthesize : Time (s): cpu = 00:00:05 ; elapsed = 00:00:08 . Memory (MB): peak = 287.219 ; gain = 77.375
INFO: [Synth 8-638] synthesizing module 'top_xlconcat_0_0' [c:/Users/peter/adder/adder.srcs/sources_1/bd/top/ip/top_xlconcat_0_0/synth/top_xlconcat_0_0.v:58]
INFO: [Synth 8-638] synthesizing module 'xlconcat' [c:/Users/peter/adder/adder.srcs/sources_1/bd/top/ipshared/2e37/xlconcat.v:14]
INFO: [Synth 8-256] done synthesizing module 'xlconcat' (1#1) [c:/Users/peter/adder/adder.srcs/sources_1/bd/top/ipshared/2e37/xlconcat.v:14]
INFO: [Synth 8-256] done synthesizing module 'top_xlconcat_0_0' (2#1) [c:/Users/peter/adder/adder.srcs/sources_1/bd/top/ip/top_xlconcat_0_0/synth/top_xlconcat_0_0.v:58]
Finished Synthesize : Time (s): cpu = 00:00:06 ; elapsed = 00:00:09 . Memory (MB): peak = 323.617 ; gain = 113.773
Finished Constraint Validation : Time (s): cpu = 00:00:06 ; elapsed = 00:00:09 . Memory (MB): peak = 323.617 ; gain = 113.773
Finished Loading Part and Timing Information : Time (s): cpu = 00:00:06 ; elapsed = 00:00:09 . Memory (MB): peak = 323.617 ; gain = 113.773
Finished RTL Optimization Phase 2 : Time (s): cpu = 00:00:06 ; elapsed = 00:00:09 . Memory (MB): peak = 323.617 ; gain = 113.773
INFO: [Device 21-403] Loading part xc7a35tcpg236-1
Finished Cross Boundary and Area Optimization : Time (s): cpu = 00:00:09 ; elapsed = 00:00:14 . Memory (MB): peak = 406.613 ; gain = 196.770
Finished Timing Optimization : Time (s): cpu = 00:00:09 ; elapsed = 00:00:14 . Memory (MB): peak = 406.613 ; gain = 196.770
Finished Technology Mapping : Time (s): cpu = 00:00:09 ; elapsed = 00:00:14 . Memory (MB): peak = 408.195 ; gain = 198.352
Finished IO Insertion : Time (s): cpu = 00:00:10 ; elapsed = 00:00:15 . Memory (MB): peak = 408.195 ; gain = 198.352
Finished Renaming Generated Instances : Time (s): cpu = 00:00:10 ; elapsed = 00:00:15 . Memory (MB): peak = 408.195 ; gain = 198.352
Finished Rebuilding User Hierarchy : Time (s): cpu = 00:00:10 ; elapsed = 00:00:15 . Memory (MB): peak = 408.195 ; gain = 198.352
Finished Renaming Generated Ports : Time (s): cpu = 00:00:10 ; elapsed = 00:00:15 . Memory (MB): peak = 408.195 ; gain = 198.352
Finished Handling Custom Attributes : Time (s): cpu = 00:00:10 ; elapsed = 00:00:15 . Memory (MB): peak = 408.195 ; gain = 198.352
Finished Renaming Generated Nets : Time (s): cpu = 00:00:10 ; elapsed = 00:00:15 . Memory (MB): peak = 408.195 ; gain = 198.352

Report Cell Usage: 
+-+-----+------+
| |Cell |Count |
+-+-----+------+
+-+-----+------+
Finished Writing Synthesis Report : Time (s): cpu = 00:00:10 ; elapsed = 00:00:15 . Memory (MB): peak = 408.195 ; gain = 198.352
synth_design: Time (s): cpu = 00:00:10 ; elapsed = 00:00:14 . Memory (MB): peak = 521.047 ; gain = 310.031
write_checkpoint: Time (s): cpu = 00:00:12 ; elapsed = 00:00:17 . Memory (MB): peak = 888.063 ; gain = 367.016
