
*** Running vivado
    with args -log calculator_complement_1_0.vds -m64 -product Vivado -mode batch -messageDb vivado.pb -notrace -source calculator_complement_1_0.tcl


****** Vivado v2016.3 (64-bit)
  **** SW Build 1682563 on Mon Oct 10 19:07:27 MDT 2016
  **** IP Build 1681267 on Mon Oct 10 21:28:31 MDT 2016
    ** Copyright 1986-2016 Xilinx, Inc. All Rights Reserved.

source calculator_complement_1_0.tcl -notrace
Command: synth_design -top calculator_complement_1_0 -part xc7a35tcpg236-1 -mode out_of_context
Starting synth_design
Attempting to get a license for feature 'Synthesis' and/or device 'xc7a35t'
INFO: [Common 17-349] Got license for feature 'Synthesis' and/or device 'xc7a35t'
INFO: Launching helper process for spawning children vivado processes
INFO: Helper process launched with PID 9128 
---------------------------------------------------------------------------------
Starting RTL Elaboration : Time (s): cpu = 00:00:06 ; elapsed = 00:00:08 . Memory (MB): peak = 288.961 ; gain = 79.598
---------------------------------------------------------------------------------
INFO: [Synth 8-638] synthesizing module 'calculator_complement_1_0' [c:/Users/peter/adder/adder.srcs/sources_1/bd/calculator/ip/calculator_complement_1_0/synth/calculator_complement_1_0.v:57]
INFO: [Synth 8-638] synthesizing module 'complement' [c:/Users/peter/adder/adder.srcs/sources_1/bd/calculator/ipshared/2085/src/complement.v:13]
INFO: [Synth 8-638] synthesizing module 'complement_full_adder_4_bit_0_0' [c:/Users/peter/adder/adder.srcs/sources_1/bd/calculator/ip/calculator_complement_1_0/src/complement_full_adder_4_bit_0_0/synth/complement_full_adder_4_bit_0_0.v:57]
INFO: [Synth 8-638] synthesizing module 'full_adder_4_bit' [c:/Users/peter/adder/adder.srcs/sources_1/bd/calculator/ip/calculator_complement_1_0/ipshared/a5f8/src/full_adder_4_bit.v:13]
INFO: [Synth 8-638] synthesizing module 'full_adder_4_bit_full_adder_1_bit_0_0' [c:/Users/peter/adder/adder.srcs/sources_1/bd/calculator/ip/calculator_complement_1_0/src/complement_full_adder_4_bit_0_0/src/full_adder_4_bit_full_adder_1_bit_0_0/synth/full_adder_4_bit_full_adder_1_bit_0_0.v:57]
INFO: [Synth 8-638] synthesizing module 'full_adder_1_bit' [c:/Users/peter/adder/adder.srcs/sources_1/bd/calculator/ip/calculator_complement_1_0/src/complement_full_adder_4_bit_0_0/ipshared/49fc/src/full_adder_1_bit.v:13]
INFO: [Synth 8-638] synthesizing module 'full_adder_1_bit_xup_inv_0_0' [c:/Users/peter/adder/adder.srcs/sources_1/bd/calculator/ip/calculator_complement_1_0/src/complement_full_adder_4_bit_0_0/src/full_adder_4_bit_full_adder_1_bit_0_0/src/full_adder_1_bit_xup_inv_0_0/synth/full_adder_1_bit_xup_inv_0_0.v:57]
INFO: [Synth 8-638] synthesizing module 'xup_inv' [c:/Users/peter/adder/adder.srcs/sources_1/bd/calculator/ip/calculator_complement_1_0/src/complement_full_adder_4_bit_0_0/src/full_adder_4_bit_full_adder_1_bit_0_0/ipshared/e3e7/xup_inv.srcs/sources_1/new/xup_inv.v:5]
	Parameter DELAY bound to: 3 - type: integer 
INFO: [Synth 8-256] done synthesizing module 'xup_inv' (1#1) [c:/Users/peter/adder/adder.srcs/sources_1/bd/calculator/ip/calculator_complement_1_0/src/complement_full_adder_4_bit_0_0/src/full_adder_4_bit_full_adder_1_bit_0_0/ipshared/e3e7/xup_inv.srcs/sources_1/new/xup_inv.v:5]
INFO: [Synth 8-256] done synthesizing module 'full_adder_1_bit_xup_inv_0_0' (2#1) [c:/Users/peter/adder/adder.srcs/sources_1/bd/calculator/ip/calculator_complement_1_0/src/complement_full_adder_4_bit_0_0/src/full_adder_4_bit_full_adder_1_bit_0_0/src/full_adder_1_bit_xup_inv_0_0/synth/full_adder_1_bit_xup_inv_0_0.v:57]
INFO: [Synth 8-638] synthesizing module 'full_adder_1_bit_xup_nand2_0_0' [c:/Users/peter/adder/adder.srcs/sources_1/bd/calculator/ip/calculator_complement_1_0/src/complement_full_adder_4_bit_0_0/src/full_adder_4_bit_full_adder_1_bit_0_0/src/full_adder_1_bit_xup_nand2_0_0/synth/full_adder_1_bit_xup_nand2_0_0.v:57]
INFO: [Synth 8-638] synthesizing module 'xup_nand2' [c:/Users/peter/adder/adder.srcs/sources_1/bd/calculator/ip/calculator_complement_1_0/src/complement_full_adder_4_bit_0_0/src/full_adder_4_bit_full_adder_1_bit_0_0/ipshared/35a3/xup_nand2.srcs/sources_1/new/xup_nand2.v:5]
	Parameter DELAY bound to: 3 - type: integer 
INFO: [Synth 8-256] done synthesizing module 'xup_nand2' (3#1) [c:/Users/peter/adder/adder.srcs/sources_1/bd/calculator/ip/calculator_complement_1_0/src/complement_full_adder_4_bit_0_0/src/full_adder_4_bit_full_adder_1_bit_0_0/ipshared/35a3/xup_nand2.srcs/sources_1/new/xup_nand2.v:5]
INFO: [Synth 8-256] done synthesizing module 'full_adder_1_bit_xup_nand2_0_0' (4#1) [c:/Users/peter/adder/adder.srcs/sources_1/bd/calculator/ip/calculator_complement_1_0/src/complement_full_adder_4_bit_0_0/src/full_adder_4_bit_full_adder_1_bit_0_0/src/full_adder_1_bit_xup_nand2_0_0/synth/full_adder_1_bit_xup_nand2_0_0.v:57]
INFO: [Synth 8-638] synthesizing module 'full_adder_1_bit_xup_nand2_1_0' [c:/Users/peter/adder/adder.srcs/sources_1/bd/calculator/ip/calculator_complement_1_0/src/complement_full_adder_4_bit_0_0/src/full_adder_4_bit_full_adder_1_bit_0_0/src/full_adder_1_bit_xup_nand2_1_0/synth/full_adder_1_bit_xup_nand2_1_0.v:57]
INFO: [Synth 8-256] done synthesizing module 'full_adder_1_bit_xup_nand2_1_0' (5#1) [c:/Users/peter/adder/adder.srcs/sources_1/bd/calculator/ip/calculator_complement_1_0/src/complement_full_adder_4_bit_0_0/src/full_adder_4_bit_full_adder_1_bit_0_0/src/full_adder_1_bit_xup_nand2_1_0/synth/full_adder_1_bit_xup_nand2_1_0.v:57]
INFO: [Synth 8-638] synthesizing module 'full_adder_1_bit_xup_nand2_2_0' [c:/Users/peter/adder/adder.srcs/sources_1/bd/calculator/ip/calculator_complement_1_0/src/complement_full_adder_4_bit_0_0/src/full_adder_4_bit_full_adder_1_bit_0_0/src/full_adder_1_bit_xup_nand2_2_0/synth/full_adder_1_bit_xup_nand2_2_0.v:57]
INFO: [Synth 8-256] done synthesizing module 'full_adder_1_bit_xup_nand2_2_0' (6#1) [c:/Users/peter/adder/adder.srcs/sources_1/bd/calculator/ip/calculator_complement_1_0/src/complement_full_adder_4_bit_0_0/src/full_adder_4_bit_full_adder_1_bit_0_0/src/full_adder_1_bit_xup_nand2_2_0/synth/full_adder_1_bit_xup_nand2_2_0.v:57]
INFO: [Synth 8-638] synthesizing module 'full_adder_1_bit_xup_xnor2_0_0' [c:/Users/peter/adder/adder.srcs/sources_1/bd/calculator/ip/calculator_complement_1_0/src/complement_full_adder_4_bit_0_0/src/full_adder_4_bit_full_adder_1_bit_0_0/src/full_adder_1_bit_xup_xnor2_0_0/synth/full_adder_1_bit_xup_xnor2_0_0.v:57]
INFO: [Synth 8-638] synthesizing module 'xup_xnor2' [c:/Users/peter/adder/adder.srcs/sources_1/bd/calculator/ip/calculator_complement_1_0/src/complement_full_adder_4_bit_0_0/src/full_adder_4_bit_full_adder_1_bit_0_0/ipshared/fb55/xup_xnor2.srcs/sources_1/new/xup_xnor2.v:5]
	Parameter DELAY bound to: 3 - type: integer 
INFO: [Synth 8-256] done synthesizing module 'xup_xnor2' (7#1) [c:/Users/peter/adder/adder.srcs/sources_1/bd/calculator/ip/calculator_complement_1_0/src/complement_full_adder_4_bit_0_0/src/full_adder_4_bit_full_adder_1_bit_0_0/ipshared/fb55/xup_xnor2.srcs/sources_1/new/xup_xnor2.v:5]
INFO: [Synth 8-256] done synthesizing module 'full_adder_1_bit_xup_xnor2_0_0' (8#1) [c:/Users/peter/adder/adder.srcs/sources_1/bd/calculator/ip/calculator_complement_1_0/src/complement_full_adder_4_bit_0_0/src/full_adder_4_bit_full_adder_1_bit_0_0/src/full_adder_1_bit_xup_xnor2_0_0/synth/full_adder_1_bit_xup_xnor2_0_0.v:57]
INFO: [Synth 8-638] synthesizing module 'full_adder_1_bit_xup_xor2_0_0' [c:/Users/peter/adder/adder.srcs/sources_1/bd/calculator/ip/calculator_complement_1_0/src/complement_full_adder_4_bit_0_0/src/full_adder_4_bit_full_adder_1_bit_0_0/src/full_adder_1_bit_xup_xor2_0_0/synth/full_adder_1_bit_xup_xor2_0_0.v:57]
INFO: [Synth 8-638] synthesizing module 'xup_xor2' [c:/Users/peter/adder/adder.srcs/sources_1/bd/calculator/ip/calculator_complement_1_0/src/complement_full_adder_4_bit_0_0/src/full_adder_4_bit_full_adder_1_bit_0_0/ipshared/7bd1/xup_xor2.srcs/sources_1/new/xup_xor2.v:5]
	Parameter DELAY bound to: 3 - type: integer 
INFO: [Synth 8-256] done synthesizing module 'xup_xor2' (9#1) [c:/Users/peter/adder/adder.srcs/sources_1/bd/calculator/ip/calculator_complement_1_0/src/complement_full_adder_4_bit_0_0/src/full_adder_4_bit_full_adder_1_bit_0_0/ipshared/7bd1/xup_xor2.srcs/sources_1/new/xup_xor2.v:5]
INFO: [Synth 8-256] done synthesizing module 'full_adder_1_bit_xup_xor2_0_0' (10#1) [c:/Users/peter/adder/adder.srcs/sources_1/bd/calculator/ip/calculator_complement_1_0/src/complement_full_adder_4_bit_0_0/src/full_adder_4_bit_full_adder_1_bit_0_0/src/full_adder_1_bit_xup_xor2_0_0/synth/full_adder_1_bit_xup_xor2_0_0.v:57]
INFO: [Synth 8-256] done synthesizing module 'full_adder_1_bit' (11#1) [c:/Users/peter/adder/adder.srcs/sources_1/bd/calculator/ip/calculator_complement_1_0/src/complement_full_adder_4_bit_0_0/ipshared/49fc/src/full_adder_1_bit.v:13]
INFO: [Synth 8-256] done synthesizing module 'full_adder_4_bit_full_adder_1_bit_0_0' (12#1) [c:/Users/peter/adder/adder.srcs/sources_1/bd/calculator/ip/calculator_complement_1_0/src/complement_full_adder_4_bit_0_0/src/full_adder_4_bit_full_adder_1_bit_0_0/synth/full_adder_4_bit_full_adder_1_bit_0_0.v:57]
INFO: [Synth 8-638] synthesizing module 'full_adder_4_bit_full_adder_1_bit_0_1' [c:/Users/peter/adder/adder.srcs/sources_1/bd/calculator/ip/calculator_complement_1_0/src/complement_full_adder_4_bit_0_0/src/full_adder_4_bit_full_adder_1_bit_0_1/synth/full_adder_4_bit_full_adder_1_bit_0_1.v:57]
INFO: [Synth 8-256] done synthesizing module 'full_adder_4_bit_full_adder_1_bit_0_1' (13#1) [c:/Users/peter/adder/adder.srcs/sources_1/bd/calculator/ip/calculator_complement_1_0/src/complement_full_adder_4_bit_0_0/src/full_adder_4_bit_full_adder_1_bit_0_1/synth/full_adder_4_bit_full_adder_1_bit_0_1.v:57]
INFO: [Synth 8-638] synthesizing module 'full_adder_4_bit_full_adder_1_bit_0_2' [c:/Users/peter/adder/adder.srcs/sources_1/bd/calculator/ip/calculator_complement_1_0/src/complement_full_adder_4_bit_0_0/src/full_adder_4_bit_full_adder_1_bit_0_2/synth/full_adder_4_bit_full_adder_1_bit_0_2.v:57]
INFO: [Synth 8-256] done synthesizing module 'full_adder_4_bit_full_adder_1_bit_0_2' (14#1) [c:/Users/peter/adder/adder.srcs/sources_1/bd/calculator/ip/calculator_complement_1_0/src/complement_full_adder_4_bit_0_0/src/full_adder_4_bit_full_adder_1_bit_0_2/synth/full_adder_4_bit_full_adder_1_bit_0_2.v:57]
INFO: [Synth 8-638] synthesizing module 'full_adder_4_bit_full_adder_1_bit_0_3' [c:/Users/peter/adder/adder.srcs/sources_1/bd/calculator/ip/calculator_complement_1_0/src/complement_full_adder_4_bit_0_0/src/full_adder_4_bit_full_adder_1_bit_0_3/synth/full_adder_4_bit_full_adder_1_bit_0_3.v:57]
INFO: [Synth 8-256] done synthesizing module 'full_adder_4_bit_full_adder_1_bit_0_3' (15#1) [c:/Users/peter/adder/adder.srcs/sources_1/bd/calculator/ip/calculator_complement_1_0/src/complement_full_adder_4_bit_0_0/src/full_adder_4_bit_full_adder_1_bit_0_3/synth/full_adder_4_bit_full_adder_1_bit_0_3.v:57]
INFO: [Synth 8-256] done synthesizing module 'full_adder_4_bit' (16#1) [c:/Users/peter/adder/adder.srcs/sources_1/bd/calculator/ip/calculator_complement_1_0/ipshared/a5f8/src/full_adder_4_bit.v:13]
INFO: [Synth 8-256] done synthesizing module 'complement_full_adder_4_bit_0_0' (17#1) [c:/Users/peter/adder/adder.srcs/sources_1/bd/calculator/ip/calculator_complement_1_0/src/complement_full_adder_4_bit_0_0/synth/complement_full_adder_4_bit_0_0.v:57]
WARNING: [Synth 8-350] instance 'full_adder_4_bit_0' of module 'complement_full_adder_4_bit_0_0' requires 14 connections, but only 13 given [c:/Users/peter/adder/adder.srcs/sources_1/bd/calculator/ipshared/2085/src/complement.v:60]
INFO: [Synth 8-638] synthesizing module 'complement_xlconstant_1_0' [c:/Users/peter/adder/adder.srcs/sources_1/bd/calculator/ip/calculator_complement_1_0/src/complement_xlconstant_1_0/sim/complement_xlconstant_1_0.v:56]
INFO: [Synth 8-638] synthesizing module 'xlconstant' [c:/Users/peter/adder/adder.srcs/sources_1/bd/calculator/ip/calculator_complement_1_0/ipshared/e147/xlconstant.v:23]
	Parameter CONST_VAL bound to: 1'b0 
	Parameter CONST_WIDTH bound to: 1 - type: integer 
INFO: [Synth 8-256] done synthesizing module 'xlconstant' (18#1) [c:/Users/peter/adder/adder.srcs/sources_1/bd/calculator/ip/calculator_complement_1_0/ipshared/e147/xlconstant.v:23]
INFO: [Synth 8-256] done synthesizing module 'complement_xlconstant_1_0' (19#1) [c:/Users/peter/adder/adder.srcs/sources_1/bd/calculator/ip/calculator_complement_1_0/src/complement_xlconstant_1_0/sim/complement_xlconstant_1_0.v:56]
INFO: [Synth 8-638] synthesizing module 'complement_xlconstant_2_0' [c:/Users/peter/adder/adder.srcs/sources_1/bd/calculator/ip/calculator_complement_1_0/src/complement_xlconstant_2_0/sim/complement_xlconstant_2_0.v:56]
INFO: [Synth 8-256] done synthesizing module 'complement_xlconstant_2_0' (20#1) [c:/Users/peter/adder/adder.srcs/sources_1/bd/calculator/ip/calculator_complement_1_0/src/complement_xlconstant_2_0/sim/complement_xlconstant_2_0.v:56]
INFO: [Synth 8-638] synthesizing module 'complement_xlconstant_3_0' [c:/Users/peter/adder/adder.srcs/sources_1/bd/calculator/ip/calculator_complement_1_0/src/complement_xlconstant_3_0/sim/complement_xlconstant_3_0.v:56]
INFO: [Synth 8-256] done synthesizing module 'complement_xlconstant_3_0' (21#1) [c:/Users/peter/adder/adder.srcs/sources_1/bd/calculator/ip/calculator_complement_1_0/src/complement_xlconstant_3_0/sim/complement_xlconstant_3_0.v:56]
INFO: [Synth 8-638] synthesizing module 'complement_xlconstant_4_0' [c:/Users/peter/adder/adder.srcs/sources_1/bd/calculator/ip/calculator_complement_1_0/src/complement_xlconstant_4_0/sim/complement_xlconstant_4_0.v:56]
INFO: [Synth 8-256] done synthesizing module 'complement_xlconstant_4_0' (22#1) [c:/Users/peter/adder/adder.srcs/sources_1/bd/calculator/ip/calculator_complement_1_0/src/complement_xlconstant_4_0/sim/complement_xlconstant_4_0.v:56]
INFO: [Synth 8-638] synthesizing module 'complement_xup_xor2_0_0' [c:/Users/peter/adder/adder.srcs/sources_1/bd/calculator/ip/calculator_complement_1_0/src/complement_xup_xor2_0_0/synth/complement_xup_xor2_0_0.v:57]
INFO: [Synth 8-256] done synthesizing module 'complement_xup_xor2_0_0' (23#1) [c:/Users/peter/adder/adder.srcs/sources_1/bd/calculator/ip/calculator_complement_1_0/src/complement_xup_xor2_0_0/synth/complement_xup_xor2_0_0.v:57]
INFO: [Synth 8-638] synthesizing module 'complement_xup_xor2_1_0' [c:/Users/peter/adder/adder.srcs/sources_1/bd/calculator/ip/calculator_complement_1_0/src/complement_xup_xor2_1_0/synth/complement_xup_xor2_1_0.v:57]
INFO: [Synth 8-256] done synthesizing module 'complement_xup_xor2_1_0' (24#1) [c:/Users/peter/adder/adder.srcs/sources_1/bd/calculator/ip/calculator_complement_1_0/src/complement_xup_xor2_1_0/synth/complement_xup_xor2_1_0.v:57]
INFO: [Synth 8-638] synthesizing module 'complement_xup_xor2_2_0' [c:/Users/peter/adder/adder.srcs/sources_1/bd/calculator/ip/calculator_complement_1_0/src/complement_xup_xor2_2_0/synth/complement_xup_xor2_2_0.v:57]
INFO: [Synth 8-256] done synthesizing module 'complement_xup_xor2_2_0' (25#1) [c:/Users/peter/adder/adder.srcs/sources_1/bd/calculator/ip/calculator_complement_1_0/src/complement_xup_xor2_2_0/synth/complement_xup_xor2_2_0.v:57]
INFO: [Synth 8-638] synthesizing module 'complement_xup_xor2_3_0' [c:/Users/peter/adder/adder.srcs/sources_1/bd/calculator/ip/calculator_complement_1_0/src/complement_xup_xor2_3_0/synth/complement_xup_xor2_3_0.v:57]
INFO: [Synth 8-256] done synthesizing module 'complement_xup_xor2_3_0' (26#1) [c:/Users/peter/adder/adder.srcs/sources_1/bd/calculator/ip/calculator_complement_1_0/src/complement_xup_xor2_3_0/synth/complement_xup_xor2_3_0.v:57]
INFO: [Synth 8-256] done synthesizing module 'complement' (27#1) [c:/Users/peter/adder/adder.srcs/sources_1/bd/calculator/ipshared/2085/src/complement.v:13]
INFO: [Synth 8-256] done synthesizing module 'calculator_complement_1_0' (28#1) [c:/Users/peter/adder/adder.srcs/sources_1/bd/calculator/ip/calculator_complement_1_0/synth/calculator_complement_1_0.v:57]
---------------------------------------------------------------------------------
Finished RTL Elaboration : Time (s): cpu = 00:00:07 ; elapsed = 00:00:09 . Memory (MB): peak = 326.262 ; gain = 116.898
---------------------------------------------------------------------------------

Report Check Netlist: 
+------+------------------+-------+---------+-------+------------------+
|      |Item              |Errors |Warnings |Status |Description       |
+------+------------------+-------+---------+-------+------------------+
|1     |multi_driven_nets |      0|        0|Passed |Multi driven nets |
+------+------------------+-------+---------+-------+------------------+
---------------------------------------------------------------------------------
Finished RTL Optimization Phase 1 : Time (s): cpu = 00:00:07 ; elapsed = 00:00:09 . Memory (MB): peak = 326.262 ; gain = 116.898
---------------------------------------------------------------------------------
INFO: [Device 21-403] Loading part xc7a35tcpg236-1
INFO: [Project 1-570] Preparing netlist for logic optimization

Processing XDC Constraints
Initializing timing engine
Parsing XDC File [c:/Users/peter/adder/adder.srcs/sources_1/bd/calculator/ip/calculator_complement_1_0/src/complement_ooc.xdc] for cell 'inst'
Finished Parsing XDC File [c:/Users/peter/adder/adder.srcs/sources_1/bd/calculator/ip/calculator_complement_1_0/src/complement_ooc.xdc] for cell 'inst'
Parsing XDC File [C:/Users/peter/adder/adder.runs/calculator_complement_1_0_synth_1/dont_touch.xdc]
Finished Parsing XDC File [C:/Users/peter/adder/adder.runs/calculator_complement_1_0_synth_1/dont_touch.xdc]
Completed Processing XDC Constraints

INFO: [Project 1-111] Unisim Transformation Summary:
No Unisim elements were transformed.

Constraint Validation Runtime : Time (s): cpu = 00:00:00 ; elapsed = 00:00:00.020 . Memory (MB): peak = 594.273 ; gain = 0.000
---------------------------------------------------------------------------------
Finished Constraint Validation : Time (s): cpu = 00:00:14 ; elapsed = 00:00:17 . Memory (MB): peak = 594.273 ; gain = 384.910
---------------------------------------------------------------------------------
---------------------------------------------------------------------------------
Start Loading Part and Timing Information
---------------------------------------------------------------------------------
Loading part: xc7a35tcpg236-1
---------------------------------------------------------------------------------
Finished Loading Part and Timing Information : Time (s): cpu = 00:00:14 ; elapsed = 00:00:17 . Memory (MB): peak = 594.273 ; gain = 384.910
---------------------------------------------------------------------------------
---------------------------------------------------------------------------------
Start Applying 'set_property' XDC Constraints
---------------------------------------------------------------------------------
Applied set_property DONT_TOUCH = true for inst. (constraint file  auto generated constraint, line ).
Applied set_property DONT_TOUCH = true for inst/full_adder_4_bit_0. (constraint file  auto generated constraint, line ).
Applied set_property DONT_TOUCH = true for inst/full_adder_4_bit_0/inst. (constraint file  auto generated constraint, line ).
Applied set_property DONT_TOUCH = true for inst/full_adder_4_bit_0/inst/full_adder_1_bit_0. (constraint file  auto generated constraint, line ).
Applied set_property DONT_TOUCH = true for inst/full_adder_4_bit_0/inst/full_adder_1_bit_0/inst. (constraint file  auto generated constraint, line ).
Applied set_property DONT_TOUCH = true for inst/full_adder_4_bit_0/inst/full_adder_1_bit_0/inst/xup_inv_0. (constraint file  auto generated constraint, line ).
Applied set_property DONT_TOUCH = true for inst/full_adder_4_bit_0/inst/full_adder_1_bit_0/inst/xup_nand2_0. (constraint file  auto generated constraint, line ).
Applied set_property DONT_TOUCH = true for inst/full_adder_4_bit_0/inst/full_adder_1_bit_0/inst/xup_nand2_1. (constraint file  auto generated constraint, line ).
Applied set_property DONT_TOUCH = true for inst/full_adder_4_bit_0/inst/full_adder_1_bit_0/inst/xup_nand2_2. (constraint file  auto generated constraint, line ).
Applied set_property DONT_TOUCH = true for inst/full_adder_4_bit_0/inst/full_adder_1_bit_0/inst/xup_xnor2_0. (constraint file  auto generated constraint, line ).
Applied set_property DONT_TOUCH = true for inst/full_adder_4_bit_0/inst/full_adder_1_bit_0/inst/xup_xor2_0. (constraint file  auto generated constraint, line ).
Applied set_property DONT_TOUCH = true for inst/full_adder_4_bit_0/inst/full_adder_1_bit_1. (constraint file  auto generated constraint, line ).
Applied set_property DONT_TOUCH = true for inst/full_adder_4_bit_0/inst/full_adder_1_bit_1/inst. (constraint file  auto generated constraint, line ).
Applied set_property DONT_TOUCH = true for inst/full_adder_4_bit_0/inst/full_adder_1_bit_1/inst/xup_inv_0. (constraint file  auto generated constraint, line ).
Applied set_property DONT_TOUCH = true for inst/full_adder_4_bit_0/inst/full_adder_1_bit_1/inst/xup_nand2_0. (constraint file  auto generated constraint, line ).
Applied set_property DONT_TOUCH = true for inst/full_adder_4_bit_0/inst/full_adder_1_bit_1/inst/xup_nand2_1. (constraint file  auto generated constraint, line ).
Applied set_property DONT_TOUCH = true for inst/full_adder_4_bit_0/inst/full_adder_1_bit_1/inst/xup_nand2_2. (constraint file  auto generated constraint, line ).
Applied set_property DONT_TOUCH = true for inst/full_adder_4_bit_0/inst/full_adder_1_bit_1/inst/xup_xnor2_0. (constraint file  auto generated constraint, line ).
Applied set_property DONT_TOUCH = true for inst/full_adder_4_bit_0/inst/full_adder_1_bit_1/inst/xup_xor2_0. (constraint file  auto generated constraint, line ).
Applied set_property DONT_TOUCH = true for inst/full_adder_4_bit_0/inst/full_adder_1_bit_2. (constraint file  auto generated constraint, line ).
Applied set_property DONT_TOUCH = true for inst/full_adder_4_bit_0/inst/full_adder_1_bit_2/inst. (constraint file  auto generated constraint, line ).
Applied set_property DONT_TOUCH = true for inst/full_adder_4_bit_0/inst/full_adder_1_bit_2/inst/xup_inv_0. (constraint file  auto generated constraint, line ).
Applied set_property DONT_TOUCH = true for inst/full_adder_4_bit_0/inst/full_adder_1_bit_2/inst/xup_nand2_0. (constraint file  auto generated constraint, line ).
Applied set_property DONT_TOUCH = true for inst/full_adder_4_bit_0/inst/full_adder_1_bit_2/inst/xup_nand2_1. (constraint file  auto generated constraint, line ).
Applied set_property DONT_TOUCH = true for inst/full_adder_4_bit_0/inst/full_adder_1_bit_2/inst/xup_nand2_2. (constraint file  auto generated constraint, line ).
Applied set_property DONT_TOUCH = true for inst/full_adder_4_bit_0/inst/full_adder_1_bit_2/inst/xup_xnor2_0. (constraint file  auto generated constraint, line ).
Applied set_property DONT_TOUCH = true for inst/full_adder_4_bit_0/inst/full_adder_1_bit_2/inst/xup_xor2_0. (constraint file  auto generated constraint, line ).
Applied set_property DONT_TOUCH = true for inst/full_adder_4_bit_0/inst/full_adder_1_bit_3. (constraint file  auto generated constraint, line ).
Applied set_property DONT_TOUCH = true for inst/full_adder_4_bit_0/inst/full_adder_1_bit_3/inst. (constraint file  auto generated constraint, line ).
Applied set_property DONT_TOUCH = true for inst/full_adder_4_bit_0/inst/full_adder_1_bit_3/inst/xup_inv_0. (constraint file  auto generated constraint, line ).
Applied set_property DONT_TOUCH = true for inst/full_adder_4_bit_0/inst/full_adder_1_bit_3/inst/xup_nand2_0. (constraint file  auto generated constraint, line ).
Applied set_property DONT_TOUCH = true for inst/full_adder_4_bit_0/inst/full_adder_1_bit_3/inst/xup_nand2_1. (constraint file  auto generated constraint, line ).
Applied set_property DONT_TOUCH = true for inst/full_adder_4_bit_0/inst/full_adder_1_bit_3/inst/xup_nand2_2. (constraint file  auto generated constraint, line ).
Applied set_property DONT_TOUCH = true for inst/full_adder_4_bit_0/inst/full_adder_1_bit_3/inst/xup_xnor2_0. (constraint file  auto generated constraint, line ).
Applied set_property DONT_TOUCH = true for inst/full_adder_4_bit_0/inst/full_adder_1_bit_3/inst/xup_xor2_0. (constraint file  auto generated constraint, line ).
Applied set_property DONT_TOUCH = true for inst/xlconstant_1. (constraint file  auto generated constraint, line ).
Applied set_property DONT_TOUCH = true for inst/xlconstant_2. (constraint file  auto generated constraint, line ).
Applied set_property DONT_TOUCH = true for inst/xlconstant_3. (constraint file  auto generated constraint, line ).
Applied set_property DONT_TOUCH = true for inst/xlconstant_4. (constraint file  auto generated constraint, line ).
Applied set_property DONT_TOUCH = true for inst/xup_xor2_0. (constraint file  auto generated constraint, line ).
Applied set_property DONT_TOUCH = true for inst/xup_xor2_1. (constraint file  auto generated constraint, line ).
Applied set_property DONT_TOUCH = true for inst/xup_xor2_2. (constraint file  auto generated constraint, line ).
Applied set_property DONT_TOUCH = true for inst/xup_xor2_3. (constraint file  auto generated constraint, line ).
---------------------------------------------------------------------------------
Finished applying 'set_property' XDC Constraints : Time (s): cpu = 00:00:14 ; elapsed = 00:00:17 . Memory (MB): peak = 594.273 ; gain = 384.910
---------------------------------------------------------------------------------
---------------------------------------------------------------------------------
Finished RTL Optimization Phase 2 : Time (s): cpu = 00:00:15 ; elapsed = 00:00:18 . Memory (MB): peak = 594.273 ; gain = 384.910
---------------------------------------------------------------------------------

Report RTL Partitions: 
+-+--------------+------------+----------+
| |RTL Partition |Replication |Instances |
+-+--------------+------------+----------+
+-+--------------+------------+----------+
---------------------------------------------------------------------------------
Start RTL Component Statistics 
---------------------------------------------------------------------------------
Detailed RTL Component Info : 
+---XORs : 
	   2 Input      1 Bit         XORs := 12    
---------------------------------------------------------------------------------
Finished RTL Component Statistics 
---------------------------------------------------------------------------------
---------------------------------------------------------------------------------
Start RTL Hierarchical Component Statistics 
---------------------------------------------------------------------------------
Hierarchical RTL Component report 
Module xup_xnor2 
Detailed RTL Component Info : 
+---XORs : 
	   2 Input      1 Bit         XORs := 1     
Module xup_xor2 
Detailed RTL Component Info : 
+---XORs : 
	   2 Input      1 Bit         XORs := 1     
---------------------------------------------------------------------------------
Finished RTL Hierarchical Component Statistics
---------------------------------------------------------------------------------
---------------------------------------------------------------------------------
Start Part Resource Summary
---------------------------------------------------------------------------------
Part Resources:
DSPs: 90 (col length:60)
BRAMs: 100 (col length: RAMB18 60 RAMB36 30)
---------------------------------------------------------------------------------
Finished Part Resource Summary
---------------------------------------------------------------------------------
---------------------------------------------------------------------------------
Start Cross Boundary and Area Optimization
---------------------------------------------------------------------------------
---------------------------------------------------------------------------------
Finished Cross Boundary and Area Optimization : Time (s): cpu = 00:00:15 ; elapsed = 00:00:18 . Memory (MB): peak = 594.273 ; gain = 384.910
---------------------------------------------------------------------------------

Report RTL Partitions: 
+-+--------------+------------+----------+
| |RTL Partition |Replication |Instances |
+-+--------------+------------+----------+
+-+--------------+------------+----------+
---------------------------------------------------------------------------------
Start Timing Optimization
---------------------------------------------------------------------------------
---------------------------------------------------------------------------------
Start Applying XDC Timing Constraints
---------------------------------------------------------------------------------
---------------------------------------------------------------------------------
Finished Applying XDC Timing Constraints : Time (s): cpu = 00:00:25 ; elapsed = 00:00:28 . Memory (MB): peak = 594.273 ; gain = 384.910
---------------------------------------------------------------------------------
---------------------------------------------------------------------------------
Finished Timing Optimization : Time (s): cpu = 00:00:25 ; elapsed = 00:00:28 . Memory (MB): peak = 594.273 ; gain = 384.910
---------------------------------------------------------------------------------

Report RTL Partitions: 
+-+--------------+------------+----------+
| |RTL Partition |Replication |Instances |
+-+--------------+------------+----------+
+-+--------------+------------+----------+
---------------------------------------------------------------------------------
Start Technology Mapping
---------------------------------------------------------------------------------
---------------------------------------------------------------------------------
Finished Technology Mapping : Time (s): cpu = 00:00:25 ; elapsed = 00:00:28 . Memory (MB): peak = 594.273 ; gain = 384.910
---------------------------------------------------------------------------------

Report RTL Partitions: 
+-+--------------+------------+----------+
| |RTL Partition |Replication |Instances |
+-+--------------+------------+----------+
+-+--------------+------------+----------+
---------------------------------------------------------------------------------
Start IO Insertion
---------------------------------------------------------------------------------
---------------------------------------------------------------------------------
Start Flattening Before IO Insertion
---------------------------------------------------------------------------------
---------------------------------------------------------------------------------
Finished Flattening Before IO Insertion
---------------------------------------------------------------------------------
---------------------------------------------------------------------------------
Start Final Netlist Cleanup
---------------------------------------------------------------------------------
---------------------------------------------------------------------------------
Finished Final Netlist Cleanup
---------------------------------------------------------------------------------
---------------------------------------------------------------------------------
Finished IO Insertion : Time (s): cpu = 00:00:25 ; elapsed = 00:00:29 . Memory (MB): peak = 594.273 ; gain = 384.910
---------------------------------------------------------------------------------

Report Check Netlist: 
+------+------------------+-------+---------+-------+------------------+
|      |Item              |Errors |Warnings |Status |Description       |
+------+------------------+-------+---------+-------+------------------+
|1     |multi_driven_nets |      0|        0|Passed |Multi driven nets |
+------+------------------+-------+---------+-------+------------------+
---------------------------------------------------------------------------------
Start Renaming Generated Instances
---------------------------------------------------------------------------------
---------------------------------------------------------------------------------
Finished Renaming Generated Instances : Time (s): cpu = 00:00:25 ; elapsed = 00:00:29 . Memory (MB): peak = 594.273 ; gain = 384.910
---------------------------------------------------------------------------------

Report RTL Partitions: 
+-+--------------+------------+----------+
| |RTL Partition |Replication |Instances |
+-+--------------+------------+----------+
+-+--------------+------------+----------+
---------------------------------------------------------------------------------
Start Rebuilding User Hierarchy
---------------------------------------------------------------------------------
---------------------------------------------------------------------------------
Finished Rebuilding User Hierarchy : Time (s): cpu = 00:00:25 ; elapsed = 00:00:29 . Memory (MB): peak = 594.273 ; gain = 384.910
---------------------------------------------------------------------------------
---------------------------------------------------------------------------------
Start Renaming Generated Ports
---------------------------------------------------------------------------------
---------------------------------------------------------------------------------
Finished Renaming Generated Ports : Time (s): cpu = 00:00:25 ; elapsed = 00:00:29 . Memory (MB): peak = 594.273 ; gain = 384.910
---------------------------------------------------------------------------------
---------------------------------------------------------------------------------
Start Handling Custom Attributes
---------------------------------------------------------------------------------
---------------------------------------------------------------------------------
Finished Handling Custom Attributes : Time (s): cpu = 00:00:25 ; elapsed = 00:00:29 . Memory (MB): peak = 594.273 ; gain = 384.910
---------------------------------------------------------------------------------
---------------------------------------------------------------------------------
Start Renaming Generated Nets
---------------------------------------------------------------------------------
---------------------------------------------------------------------------------
Finished Renaming Generated Nets : Time (s): cpu = 00:00:25 ; elapsed = 00:00:29 . Memory (MB): peak = 594.273 ; gain = 384.910
---------------------------------------------------------------------------------
---------------------------------------------------------------------------------
Start Writing Synthesis Report
---------------------------------------------------------------------------------

Report BlackBoxes: 
+-+--------------+----------+
| |BlackBox name |Instances |
+-+--------------+----------+
+-+--------------+----------+

Report Cell Usage: 
+------+-----+------+
|      |Cell |Count |
+------+-----+------+
|1     |LUT1 |     4|
|2     |LUT2 |    24|
+------+-----+------+

Report Instance Areas: 
+------+---------------------------+--------------------------------------+------+
|      |Instance                   |Module                                |Cells |
+------+---------------------------+--------------------------------------+------+
|1     |top                        |                                      |    28|
|2     |  inst                     |complement                            |    28|
|3     |    full_adder_4_bit_0     |complement_full_adder_4_bit_0_0       |    24|
|4     |      inst                 |full_adder_4_bit                      |    24|
|5     |        full_adder_1_bit_0 |full_adder_4_bit_full_adder_1_bit_0_0 |     6|
|6     |          inst             |full_adder_1_bit__xdcDup__1           |     6|
|7     |            xup_inv_0      |full_adder_1_bit_xup_inv_0_0__4       |     1|
|8     |            xup_nand2_0    |full_adder_1_bit_xup_nand2_0_0__4     |     1|
|9     |            xup_nand2_1    |full_adder_1_bit_xup_nand2_1_0__4     |     1|
|10    |            xup_nand2_2    |full_adder_1_bit_xup_nand2_2_0__4     |     1|
|11    |            xup_xnor2_0    |full_adder_1_bit_xup_xnor2_0_0__4     |     1|
|12    |            xup_xor2_0     |full_adder_1_bit_xup_xor2_0_0__4      |     1|
|13    |        full_adder_1_bit_1 |full_adder_4_bit_full_adder_1_bit_0_1 |     6|
|14    |          inst             |full_adder_1_bit__xdcDup__2           |     6|
|15    |            xup_inv_0      |full_adder_1_bit_xup_inv_0_0__5       |     1|
|16    |            xup_nand2_0    |full_adder_1_bit_xup_nand2_0_0__5     |     1|
|17    |            xup_nand2_1    |full_adder_1_bit_xup_nand2_1_0__5     |     1|
|18    |            xup_nand2_2    |full_adder_1_bit_xup_nand2_2_0__5     |     1|
|19    |            xup_xnor2_0    |full_adder_1_bit_xup_xnor2_0_0__5     |     1|
|20    |            xup_xor2_0     |full_adder_1_bit_xup_xor2_0_0__5      |     1|
|21    |        full_adder_1_bit_2 |full_adder_4_bit_full_adder_1_bit_0_2 |     6|
|22    |          inst             |full_adder_1_bit__xdcDup__3           |     6|
|23    |            xup_inv_0      |full_adder_1_bit_xup_inv_0_0__6       |     1|
|24    |            xup_nand2_0    |full_adder_1_bit_xup_nand2_0_0__6     |     1|
|25    |            xup_nand2_1    |full_adder_1_bit_xup_nand2_1_0__6     |     1|
|26    |            xup_nand2_2    |full_adder_1_bit_xup_nand2_2_0__6     |     1|
|27    |            xup_xnor2_0    |full_adder_1_bit_xup_xnor2_0_0__6     |     1|
|28    |            xup_xor2_0     |full_adder_1_bit_xup_xor2_0_0__6      |     1|
|29    |        full_adder_1_bit_3 |full_adder_4_bit_full_adder_1_bit_0_3 |     6|
|30    |          inst             |full_adder_1_bit                      |     6|
|31    |            xup_inv_0      |full_adder_1_bit_xup_inv_0_0          |     1|
|32    |            xup_nand2_0    |full_adder_1_bit_xup_nand2_0_0        |     1|
|33    |            xup_nand2_1    |full_adder_1_bit_xup_nand2_1_0        |     1|
|34    |            xup_nand2_2    |full_adder_1_bit_xup_nand2_2_0        |     1|
|35    |            xup_xnor2_0    |full_adder_1_bit_xup_xnor2_0_0        |     1|
|36    |            xup_xor2_0     |full_adder_1_bit_xup_xor2_0_0         |     1|
|37    |    xlconstant_1           |complement_xlconstant_1_0             |     0|
|38    |    xlconstant_2           |complement_xlconstant_2_0             |     0|
|39    |    xlconstant_3           |complement_xlconstant_3_0             |     0|
|40    |    xlconstant_4           |complement_xlconstant_4_0             |     0|
|41    |    xup_xor2_0             |complement_xup_xor2_0_0               |     1|
|42    |    xup_xor2_1             |complement_xup_xor2_1_0               |     1|
|43    |    xup_xor2_2             |complement_xup_xor2_2_0               |     1|
|44    |    xup_xor2_3             |complement_xup_xor2_3_0               |     1|
+------+---------------------------+--------------------------------------+------+
---------------------------------------------------------------------------------
Finished Writing Synthesis Report : Time (s): cpu = 00:00:25 ; elapsed = 00:00:29 . Memory (MB): peak = 594.273 ; gain = 384.910
---------------------------------------------------------------------------------
Synthesis finished with 0 errors, 0 critical warnings and 0 warnings.
Synthesis Optimization Runtime : Time (s): cpu = 00:00:15 ; elapsed = 00:00:19 . Memory (MB): peak = 594.273 ; gain = 114.723
Synthesis Optimization Complete : Time (s): cpu = 00:00:26 ; elapsed = 00:00:29 . Memory (MB): peak = 594.273 ; gain = 384.910
INFO: [Project 1-571] Translating synthesized netlist
INFO: [Project 1-570] Preparing netlist for logic optimization
Parsing XDC File [c:/Users/peter/adder/adder.srcs/sources_1/bd/calculator/ip/calculator_complement_1_0/src/complement_ooc.xdc] for cell 'inst'
Finished Parsing XDC File [c:/Users/peter/adder/adder.srcs/sources_1/bd/calculator/ip/calculator_complement_1_0/src/complement_ooc.xdc] for cell 'inst'
INFO: [Opt 31-138] Pushed 0 inverter(s) to 0 load pin(s).
INFO: [Project 1-111] Unisim Transformation Summary:
No Unisim elements were transformed.

INFO: [Common 17-83] Releasing license: Synthesis
65 Infos, 1 Warnings, 0 Critical Warnings and 0 Errors encountered.
synth_design completed successfully
synth_design: Time (s): cpu = 00:00:24 ; elapsed = 00:00:25 . Memory (MB): peak = 598.918 ; gain = 387.379
INFO: [Common 17-1381] The checkpoint 'C:/Users/peter/adder/adder.runs/calculator_complement_1_0_synth_1/calculator_complement_1_0.dcp' has been generated.
