
*** Running vivado
    with args -log display_calculator_0_0.vds -m64 -product Vivado -mode batch -messageDb vivado.pb -notrace -source display_calculator_0_0.tcl


****** Vivado v2016.3 (64-bit)
  **** SW Build 1682563 on Mon Oct 10 19:07:27 MDT 2016
  **** IP Build 1681267 on Mon Oct 10 21:28:31 MDT 2016
    ** Copyright 1986-2016 Xilinx, Inc. All Rights Reserved.

source display_calculator_0_0.tcl -notrace
Command: synth_design -top display_calculator_0_0 -part xc7a35tcpg236-1 -mode out_of_context
Starting synth_design
Attempting to get a license for feature 'Synthesis' and/or device 'xc7a35t'
INFO: [Common 17-349] Got license for feature 'Synthesis' and/or device 'xc7a35t'
INFO: Launching helper process for spawning children vivado processes
INFO: Helper process launched with PID 7404 
---------------------------------------------------------------------------------
Starting RTL Elaboration : Time (s): cpu = 00:00:05 ; elapsed = 00:00:07 . Memory (MB): peak = 286.625 ; gain = 77.508
---------------------------------------------------------------------------------
INFO: [Synth 8-638] synthesizing module 'display_calculator_0_0' [c:/Users/peter/adder/adder.srcs/sources_1/bd/display/ip/display_calculator_0_0_1/synth/display_calculator_0_0.v:57]
INFO: [Synth 8-638] synthesizing module 'calculator' [c:/Users/peter/adder/adder.srcs/sources_1/bd/display/ipshared/080c/src/calculator.v:13]
ERROR: [Synth 8-439] module 'calculator_complement_0_0' not found [c:/Users/peter/adder/adder.srcs/sources_1/bd/display/ipshared/080c/src/calculator.v:68]
ERROR: [Synth 8-285] failed synthesizing module 'calculator' [c:/Users/peter/adder/adder.srcs/sources_1/bd/display/ipshared/080c/src/calculator.v:13]
ERROR: [Synth 8-285] failed synthesizing module 'display_calculator_0_0' [c:/Users/peter/adder/adder.srcs/sources_1/bd/display/ip/display_calculator_0_0_1/synth/display_calculator_0_0.v:57]
---------------------------------------------------------------------------------
Finished RTL Elaboration : Time (s): cpu = 00:00:06 ; elapsed = 00:00:08 . Memory (MB): peak = 323.078 ; gain = 113.961
---------------------------------------------------------------------------------
RTL Elaboration failed
INFO: [Common 17-83] Releasing license: Synthesis
4 Infos, 0 Warnings, 0 Critical Warnings and 4 Errors encountered.
synth_design failed
ERROR: [Common 17-69] Command failed: Synthesis failed - please see the console or run log file for details
INFO: [Common 17-206] Exiting Vivado at Thu Nov 24 14:29:51 2016...
