
*** Running vivado
    with args -log display_xlconstant_0_0.vds -m64 -product Vivado -mode batch -messageDb vivado.pb -notrace -source display_xlconstant_0_0.tcl


****** Vivado v2016.3 (64-bit)
  **** SW Build 1682563 on Mon Oct 10 19:07:27 MDT 2016
  **** IP Build 1681267 on Mon Oct 10 21:28:31 MDT 2016
    ** Copyright 1986-2016 Xilinx, Inc. All Rights Reserved.

source display_xlconstant_0_0.tcl -notrace
Starting Synthesize : Time (s): cpu = 00:00:05 ; elapsed = 00:00:07 . Memory (MB): peak = 286.441 ; gain = 76.418
INFO: [Synth 8-638] synthesizing module 'display_xlconstant_0_0' [c:/Users/peter/adder/adder.srcs/sources_1/bd/display/ip/display_xlconstant_0_0/sim/display_xlconstant_0_0.v:56]
INFO: [Synth 8-638] synthesizing module 'xlconstant' [c:/Users/peter/adder/adder.srcs/sources_1/bd/display/ipshared/e147/xlconstant.v:23]
INFO: [Synth 8-256] done synthesizing module 'xlconstant' (1#1) [c:/Users/peter/adder/adder.srcs/sources_1/bd/display/ipshared/e147/xlconstant.v:23]
INFO: [Synth 8-256] done synthesizing module 'display_xlconstant_0_0' (2#1) [c:/Users/peter/adder/adder.srcs/sources_1/bd/display/ip/display_xlconstant_0_0/sim/display_xlconstant_0_0.v:56]
Finished Synthesize : Time (s): cpu = 00:00:06 ; elapsed = 00:00:08 . Memory (MB): peak = 322.930 ; gain = 112.906
Finished Constraint Validation : Time (s): cpu = 00:00:06 ; elapsed = 00:00:08 . Memory (MB): peak = 322.930 ; gain = 112.906
Finished Loading Part and Timing Information : Time (s): cpu = 00:00:06 ; elapsed = 00:00:08 . Memory (MB): peak = 322.930 ; gain = 112.906
Finished RTL Optimization Phase 2 : Time (s): cpu = 00:00:06 ; elapsed = 00:00:08 . Memory (MB): peak = 322.930 ; gain = 112.906
INFO: [Device 21-403] Loading part xc7a35tcpg236-1
Finished Cross Boundary and Area Optimization : Time (s): cpu = 00:00:09 ; elapsed = 00:00:11 . Memory (MB): peak = 405.945 ; gain = 195.922
Finished Timing Optimization : Time (s): cpu = 00:00:09 ; elapsed = 00:00:11 . Memory (MB): peak = 405.945 ; gain = 195.922
Finished Technology Mapping : Time (s): cpu = 00:00:09 ; elapsed = 00:00:11 . Memory (MB): peak = 408.574 ; gain = 198.551
Finished IO Insertion : Time (s): cpu = 00:00:09 ; elapsed = 00:00:11 . Memory (MB): peak = 408.574 ; gain = 198.551
Finished Renaming Generated Instances : Time (s): cpu = 00:00:09 ; elapsed = 00:00:11 . Memory (MB): peak = 408.574 ; gain = 198.551
Finished Rebuilding User Hierarchy : Time (s): cpu = 00:00:09 ; elapsed = 00:00:11 . Memory (MB): peak = 408.574 ; gain = 198.551
Finished Renaming Generated Ports : Time (s): cpu = 00:00:09 ; elapsed = 00:00:12 . Memory (MB): peak = 408.574 ; gain = 198.551
Finished Handling Custom Attributes : Time (s): cpu = 00:00:09 ; elapsed = 00:00:12 . Memory (MB): peak = 408.574 ; gain = 198.551
Finished Renaming Generated Nets : Time (s): cpu = 00:00:09 ; elapsed = 00:00:12 . Memory (MB): peak = 408.574 ; gain = 198.551

Report Cell Usage: 
+-+-----+------+
| |Cell |Count |
+-+-----+------+
+-+-----+------+
Finished Writing Synthesis Report : Time (s): cpu = 00:00:09 ; elapsed = 00:00:12 . Memory (MB): peak = 408.574 ; gain = 198.551
synth_design: Time (s): cpu = 00:00:09 ; elapsed = 00:00:10 . Memory (MB): peak = 529.543 ; gain = 318.535
write_checkpoint: Time (s): cpu = 00:00:11 ; elapsed = 00:00:12 . Memory (MB): peak = 887.176 ; gain = 357.633
